<?xml version="1.0" encoding="UTF-8"?>
<!-- Generated by org.testng.reporters.JUnitXMLReporter -->
<testsuite ignored="0" hostname="DESKTOP-4KVT79I" failures="0" tests="4" name="Test" time="39.596" errors="0" timestamp="2025-05-23T16:41:27 IST">
  <testcase classname="ParallelTesting.parallelTesting" name="Login" time="3.553"/>
  <testcase classname="ParallelTesting.parallelTesting" name="Admin" time="7.831"/>
  <testcase classname="ParallelTesting.parallelTesting" name="PIM" time="1.314"/>
  <testcase classname="ParallelTesting.parallelTesting" name="leave" time="2.163"/>
</testsuite> <!-- Test -->
