<?xml version="1.0" encoding="UTF-8"?>
<testng-results ignored="0" total="1" passed="1" failed="0" skipped="0">
  <reporter-output>
  </reporter-output>
  <suite started-at="2025-05-24T16:57:32 IST" name="Default suite" finished-at="2025-05-24T16:58:09 IST" duration-ms="36693">
    <groups>
    </groups>
    <test started-at="2025-05-24T16:57:32 IST" name="Default test" finished-at="2025-05-24T16:58:09 IST" duration-ms="36693">
      <class name="PageObject.LoginPage">
        <test-method is-config="true" signature="setUp()[pri:0, instance:PageObject.LoginPage@198b6731]" started-at="2025-05-24T16:57:32 IST" name="setUp" finished-at="2025-05-24T16:57:56 IST" duration-ms="24084" status="PASS">
          <reporter-output>
          </reporter-output>
        </test-method> <!-- setUp -->
        <test-method signature="testLogin()[pri:0, instance:PageObject.LoginPage@198b6731]" started-at="2025-05-24T16:57:57 IST" name="testLogin" finished-at="2025-05-24T16:58:06 IST" duration-ms="9242" status="PASS">
          <reporter-output>
          </reporter-output>
        </test-method> <!-- testLogin -->
        <test-method is-config="true" signature="close()[pri:0, instance:PageObject.LoginPage@198b6731]" started-at="2025-05-24T16:58:06 IST" name="close" finished-at="2025-05-24T16:58:09 IST" duration-ms="3011" status="PASS">
          <reporter-output>
          </reporter-output>
        </test-method> <!-- close -->
      </class> <!-- PageObject.LoginPage -->
    </test> <!-- Default test -->
  </suite> <!-- Default suite -->
</testng-results>
